<?xml version="1.0" encoding="UTF-8"?>
<!-- Generated by org.testng.reporters.JUnitXMLReporter -->
<testsuite ignored="0" hostname="LAPTOP-L36TRD7L" failures="0" tests="4" name="Test" time="8.48" errors="0" timestamp="2023-10-29T16:21:54 IST">
  <testcase classname="Api.testcases.Usertest" name="testCreateUser" time="2.525"/>
  <testcase classname="Api.testcases.Usertest" name="testGetUserData" time="1.894"/>
  <testcase classname="Api.testcases.Usertest" name="testUpdateUser" time="2.297"/>
  <testcase classname="Api.testcases.Usertest" name="testDeleteUser" time="1.177"/>
</testsuite> <!-- Test -->
