<?xml version="1.0" encoding="UTF-8"?>
<testng-results ignored="0" total="4" passed="4" failed="0" skipped="0">
  <reporter-output>
  </reporter-output>
  <suite started-at="2023-10-29T16:21:45 IST" name="Suite" finished-at="2023-10-29T16:21:54 IST" duration-ms="8480">
    <groups>
    </groups>
    <test started-at="2023-10-29T16:21:45 IST" name="Test" finished-at="2023-10-29T16:21:54 IST" duration-ms="8480">
      <class name="Api.testcases.Usertest">
        <test-method is-config="true" signature="generateTestData()[pri:0, instance:Api.testcases.Usertest@7e5afaa6]" started-at="2023-10-29T16:21:46 IST" name="generateTestData" finished-at="2023-10-29T16:21:46 IST" duration-ms="206" status="PASS">
          <reporter-output>
          </reporter-output>
        </test-method> <!-- generateTestData -->
        <test-method signature="testCreateUser()[pri:1, instance:Api.testcases.Usertest@7e5afaa6]" started-at="2023-10-29T16:21:46 IST" name="testCreateUser" finished-at="2023-10-29T16:21:48 IST" duration-ms="2525" status="PASS">
          <reporter-output>
          </reporter-output>
        </test-method> <!-- testCreateUser -->
        <test-method signature="testGetUserData()[pri:2, instance:Api.testcases.Usertest@7e5afaa6]" started-at="2023-10-29T16:21:48 IST" name="testGetUserData" finished-at="2023-10-29T16:21:50 IST" duration-ms="1894" status="PASS">
          <reporter-output>
          </reporter-output>
        </test-method> <!-- testGetUserData -->
        <test-method signature="testUpdateUser()[pri:3, instance:Api.testcases.Usertest@7e5afaa6]" started-at="2023-10-29T16:21:50 IST" name="testUpdateUser" finished-at="2023-10-29T16:21:53 IST" duration-ms="2297" status="PASS">
          <reporter-output>
          </reporter-output>
        </test-method> <!-- testUpdateUser -->
        <test-method signature="testDeleteUser()[pri:4, instance:Api.testcases.Usertest@7e5afaa6]" started-at="2023-10-29T16:21:53 IST" name="testDeleteUser" finished-at="2023-10-29T16:21:54 IST" duration-ms="1177" status="PASS">
          <reporter-output>
          </reporter-output>
        </test-method> <!-- testDeleteUser -->
      </class> <!-- Api.testcases.Usertest -->
    </test> <!-- Test -->
  </suite> <!-- Suite -->
</testng-results>
